<?xml version="1.0" encoding="UTF-8"?>
<!-- Generated by org.testng.reporters.JUnitXMLReporter -->
<testsuite hostname="DESKTOP-9Q7LS9C" ignored="0" tests="4" failures="0" timestamp="12 Jan 2021 13:51:40 GMT" time="7.344" errors="0">
  <testcase name="VerifyRegisterAPI" time="3.531" classname="LoginSignupTest"/>
  <testcase name="VerifyLoginAPI" time="1.115" classname="LoginSignupTest"/>
  <testcase name="VerifyDetailsAPI" time="1.58" classname="LoginSignupTest"/>
  <testcase name="VerifyQueuedScheuled" time="1.084" classname="LoginSignupTest"/>
</testsuite>
