<?xml version="1.0" encoding="UTF-8"?>
<testng-results skipped="0" failed="0" ignored="0" total="4" passed="4">
  <reporter-output>
  </reporter-output>
  <suite name="Command line suite" duration-ms="7344" started-at="2021-01-12T13:51:33Z" finished-at="2021-01-12T13:51:40Z">
    <groups>
    </groups>
    <test name="Command line test" duration-ms="7344" started-at="2021-01-12T13:51:33Z" finished-at="2021-01-12T13:51:40Z">
      <class name="LoginSignupTest">
        <test-method status="PASS" signature="VerifyRegisterAPI()[pri:1, instance:LoginSignupTest@6fadae5d]" name="VerifyRegisterAPI" duration-ms="3531" started-at="2021-01-12T13:51:33Z" finished-at="2021-01-12T13:51:37Z">
          <reporter-output>
          </reporter-output>
        </test-method> <!-- VerifyRegisterAPI -->
        <test-method status="PASS" signature="VerifyLoginAPI()[pri:2, instance:LoginSignupTest@6fadae5d]" name="VerifyLoginAPI" duration-ms="1115" started-at="2021-01-12T13:51:37Z" finished-at="2021-01-12T13:51:38Z">
          <reporter-output>
          </reporter-output>
        </test-method> <!-- VerifyLoginAPI -->
        <test-method status="PASS" signature="VerifyDetailsAPI()[pri:3, instance:LoginSignupTest@6fadae5d]" name="VerifyDetailsAPI" duration-ms="1580" started-at="2021-01-12T13:51:38Z" finished-at="2021-01-12T13:51:39Z">
          <reporter-output>
          </reporter-output>
        </test-method> <!-- VerifyDetailsAPI -->
        <test-method status="PASS" signature="VerifyQueuedScheuled()[pri:4, instance:LoginSignupTest@6fadae5d]" name="VerifyQueuedScheuled" duration-ms="1084" started-at="2021-01-12T13:51:39Z" finished-at="2021-01-12T13:51:40Z">
          <reporter-output>
          </reporter-output>
        </test-method> <!-- VerifyQueuedScheuled -->
      </class> <!-- LoginSignupTest -->
    </test> <!-- Command line test -->
  </suite> <!-- Command line suite -->
</testng-results>
