<?xml version="1.0" encoding="UTF-8"?>
<testng-results skipped="0" failed="0" ignored="0" total="1" passed="1">
  <reporter-output>
  </reporter-output>
  <suite name="Default suite" duration-ms="4028" started-at="2020-12-27T08:34:38Z" finished-at="2020-12-27T08:34:42Z">
    <groups>
    </groups>
    <test name="Default test" duration-ms="4028" started-at="2020-12-27T08:34:38Z" finished-at="2020-12-27T08:34:42Z">
      <class name="Pyxis.RestAssured.APITest.LoginSignupTest">
        <test-method status="PASS" signature="VerifyRegisterAPI()[pri:0, instance:Pyxis.RestAssured.APITest.LoginSignupTest@5d740a0f]" name="VerifyRegisterAPI" duration-ms="3990" started-at="2020-12-27T08:34:38Z" finished-at="2020-12-27T08:34:42Z">
          <reporter-output>
          </reporter-output>
        </test-method> <!-- VerifyRegisterAPI -->
      </class> <!-- Pyxis.RestAssured.APITest.LoginSignupTest -->
    </test> <!-- Default test -->
  </suite> <!-- Default suite -->
</testng-results>
